<?xml version="1.0" encoding="UTF-8"?>
<!-- Generated by org.testng.reporters.JUnitReportReporter -->
<testsuite skipped="0" hostname="CMLPIBANDARA" name="main.java.com.test.TS_LoginGuru" tests="1" failures="0" timestamp="20 Sep 2019 12:31:05 GMT" time="47.681" errors="0">
  <testcase name="tc_loginToGurru99" time="47.681" classname="main.java.com.test.TS_LoginGuru"/>
</testsuite> <!-- main.java.com.test.TS_LoginGuru -->
