<?xml version="1.0" encoding="UTF-8"?>
<!-- Generated by org.testng.reporters.JUnitReportReporter -->
<testsuite skipped="0" hostname="CMLPIBANDARA" name="com.test.TS_LoginGuru" tests="1" failures="0" timestamp="03 Sep 2019 12:33:21 GMT" time="31.788" errors="0">
  <testcase name="tc_loginToGurru99" time="31.788" classname="com.test.TS_LoginGuru"/>
</testsuite> <!-- com.test.TS_LoginGuru -->
